[2021-02-19_15-34-53] - {__read} - ERROR:  relation "public.deliveryday_session" does not exist
LINE 3:  public.deliveryday_session AS se_t 
         ^
SELECT     "se_t"."session_data"
  FROM 
 public.deliveryday_session AS se_t 
 WHERE 
"se_t"."session_id" = $1

[2021-02-19_15-34-53] - {removeCookie} - ERROR:  relation "public.deliveryday_session" does not exist
LINE 6:  public.deliveryday_session AS se_t 
         ^
SELECT     "se_t"."session_id"
, "se_t"."session_data"
, "se_t"."session_status"
, "se_t"."session_created"
  FROM 
 public.deliveryday_session AS se_t 
 WHERE 
"se_t"."session_expired" < $1

[2021-02-19_15-34-53] - {__write} - ERROR:  relation "public.deliveryday_session" does not exist
LINE 2:  public.deliveryday_session AS se_t 
         ^
SELECT   COUNT(*)   FROM 
 public.deliveryday_session AS se_t 
 WHERE 
"se_t"."session_id" = $1

[2021-02-19_15-35-01] - {__read} - ERROR:  relation "public.deliveryday_session" does not exist
LINE 3:  public.deliveryday_session AS se_t 
         ^
SELECT     "se_t"."session_data"
  FROM 
 public.deliveryday_session AS se_t 
 WHERE 
"se_t"."session_id" = $1

[2021-02-19_15-35-01] - {removeCookie} - ERROR:  relation "public.deliveryday_session" does not exist
LINE 6:  public.deliveryday_session AS se_t 
         ^
SELECT     "se_t"."session_id"
, "se_t"."session_data"
, "se_t"."session_status"
, "se_t"."session_created"
  FROM 
 public.deliveryday_session AS se_t 
 WHERE 
"se_t"."session_expired" < $1

[2021-02-19_15-35-01] - {__write} - ERROR:  relation "public.deliveryday_session" does not exist
LINE 2:  public.deliveryday_session AS se_t 
         ^
SELECT   COUNT(*)   FROM 
 public.deliveryday_session AS se_t 
 WHERE 
"se_t"."session_id" = $1

[2021-02-19_15-54-12] - {__write} - ERROR:  syntax error at or near ")"
LINE 1: ...status,session_expired  )  VALUES  ( $1 ,$2 ,$3 , )  RETURNI...
                                                             ^
INSERT INTO  "public"."deliveryday_session" (  session_id,session_data,session_status,session_expired  )  VALUES  ( $1 ,$2 ,$3 , )  RETURNING  session_id

[2021-02-19_15-57-57] - {__write} - ERROR:  syntax error at or near ")"
LINE 1: ...status,session_expired  )  VALUES  ( $1 ,$2 ,$3 , )  RETURNI...
                                                             ^
INSERT INTO  "public"."deliveryday_session" (  session_id,session_data,session_status,session_expired  )  VALUES  ( $1 ,$2 ,$3 , )  RETURNING  session_id

[2021-02-19_16-00-51] - {__write} - ERROR:  syntax error at or near ")"
LINE 1: ...status,session_expired  )  VALUES  ( $1 ,$2 ,$3 , )  RETURNI...
                                                             ^
INSERT INTO  "public"."deliveryday_session" (  session_id,session_data,session_status,session_expired  )  VALUES  ( $1 ,$2 ,$3 , )  RETURNING  session_id

[2021-02-19_16-01-05] - {__open} - Call to undefined method Harp\lib\HarpDatabase\drivers\ConnDriverPgsql::getDatabaseName()

[2021-02-19_16-01-05] - {__write} - ERROR:  syntax error at or near ")"
LINE 1: ...status,session_expired  )  VALUES  ( $1 ,$2 ,$3 , )  RETURNI...
                                                             ^
INSERT INTO  "public"."deliveryday_session" (  session_id,session_data,session_status,session_expired  )  VALUES  ( $1 ,$2 ,$3 , )  RETURNING  session_id

[2021-02-19_16-01-10] - {__write} - ERROR:  syntax error at or near ")"
LINE 1: ...status,session_expired  )  VALUES  ( $1 ,$2 ,$3 , )  RETURNI...
                                                             ^
INSERT INTO  "public"."deliveryday_session" (  session_id,session_data,session_status,session_expired  )  VALUES  ( $1 ,$2 ,$3 , )  RETURNING  session_id

[2021-02-19_16-01-24] - {__write} - ERROR:  syntax error at or near ")"
LINE 1: ...status,session_expired  )  VALUES  ( $1 ,$2 ,$3 , )  RETURNI...
                                                             ^
INSERT INTO  "public"."deliveryday_session" (  session_id,session_data,session_status,session_expired  )  VALUES  ( $1 ,$2 ,$3 , )  RETURNING  session_id

[2021-02-19_16-01-43] - {__write} - ERROR:  syntax error at or near ")"
LINE 1: ...status,session_expired  )  VALUES  ( $1 ,$2 ,$3 , )  RETURNI...
                                                             ^
INSERT INTO  "public"."deliveryday_session" (  session_id,session_data,session_status,session_expired  )  VALUES  ( $1 ,$2 ,$3 , )  RETURNING  session_id

[2021-02-19_16-01-50] - {__write} - ERROR:  syntax error at or near ")"
LINE 1: ...status,session_expired  )  VALUES  ( $1 ,$2 ,$3 , )  RETURNI...
                                                             ^
INSERT INTO  "public"."deliveryday_session" (  session_id,session_data,session_status,session_expired  )  VALUES  ( $1 ,$2 ,$3 , )  RETURNING  session_id

[2021-02-19_16-02-10] - {__write} - ERROR:  syntax error at or near ")"
LINE 1: ...status,session_expired  )  VALUES  ( $1 ,$2 ,$3 , )  RETURNI...
                                                             ^
INSERT INTO  "public"."deliveryday_session" (  session_id,session_data,session_status,session_expired  )  VALUES  ( $1 ,$2 ,$3 , )  RETURNING  session_id

[2021-02-19_16-03-45] - {__write} - ERROR:  syntax error at or near ")"
LINE 1: ...status,session_expired  )  VALUES  ( $1 ,$2 ,$3 , )  RETURNI...
                                                             ^
INSERT INTO  "public"."deliveryday_session" (  session_id,session_data,session_status,session_expired  )  VALUES  ( $1 ,$2 ,$3 , )  RETURNING  session_id

[2021-02-19_16-05-29] - {__write} - ERROR:  syntax error at or near ")"
LINE 1: ...status,session_expired  )  VALUES  ( $1 ,$2 ,$3 , )  RETURNI...
                                                             ^
INSERT INTO  "public"."deliveryday_session" (  session_id,session_data,session_status,session_expired  )  VALUES  ( $1 ,$2 ,$3 , )  RETURNING  session_id

[2021-02-19_16-05-53] - {__write} - ERROR:  syntax error at or near ")"
LINE 1: ...status,session_expired  )  VALUES  ( $1 ,$2 ,$3 , )  RETURNI...
                                                             ^
INSERT INTO  "public"."deliveryday_session" (  session_id,session_data,session_status,session_expired  )  VALUES  ( $1 ,$2 ,$3 , )  RETURNING  session_id

